R1 =  1040.0
R2 =  2043.7
R3 =  3113.6
R4 =  4170.9
R5 =  3028.6
R6 =  2070.5
R7 =  1018.4
Va =  5.2010
Id =  0.0010046
Kb =  0.0071904
Kc =  8064.0
A =

   0.00000
   0.00000
  -5.20103
   0.00100
   0.00100
   0.00000
   0.00000

B =

  -0.00177   0.00049   0.00000   0.00032   0.00000   0.00000   0.00000
   0.00768  -0.00049   0.00000  -0.00719   0.00000   0.00000   0.00000
   0.00000   0.00000   1.00000   0.00000   0.00000   0.00000   0.00000
   0.00032   0.00000   0.00024  -0.00089   0.00033   0.00098  -0.00098
   0.00719   0.00000   0.00000  -0.00752   0.00033   0.00000   0.00000
   0.00000   0.00000   0.00048   0.00000   0.00000  -0.00146   0.00098
   0.00000   0.00000   3.89461  -1.00000   0.00000  -3.89461   1.00000

C =

 Columns 1 through 6:

   -999.49744   -999.49744      0.03896  -1005.16866   1005.16866  -1210.91920
   -916.15738  -2959.88015      0.11909  -3072.77101   3072.77101  -3701.74435
      0.00000      0.00000      1.00000      0.00000      0.00000     -0.00000
  -1005.16866  -1005.16866      0.03350   -864.47005    864.47005  -1041.42063
  -1128.67029  -1128.67029     -0.08525   2199.50993    829.08291   2649.73323
    418.33548    418.33548      1.40224    359.77892   -359.77892    857.24829
    624.08602    624.08602      1.60008    536.72950   -536.72950   2297.22944

 Column 7:

      0.20204
      0.61763
      0.00000
      0.17376
     -0.44211
     -0.48850
     -0.72876

D =

  -0.20262
  -0.61939
  -5.20103
  -0.17426
   3.48591
  -7.29309
  -8.32203

